<?xml version="1.0" encoding="UTF-8"?>
<testsuite name="org.mines.examples.OptionalExample" tests="2" skipped="0" failures="0" errors="0" timestamp="2024-04-16T15:21:56" hostname="DESKTOP-TG14Q8S" time="0.005">
  <properties/>
  <testcase name="shouldNotThrowNullPointerException()" classname="org.mines.examples.OptionalExample" time="0.001"/>
  <testcase name="shouldThrowNullPointerException()" classname="org.mines.examples.OptionalExample" time="0.003"/>
  <system-out><![CDATA[]]></system-out>
  <system-err><![CDATA[]]></system-err>
</testsuite>
