<?xml version="1.0" encoding="UTF-8"?>
<testsuite name="org.mines.examples.patterns.AbstractFactoryTest" tests="1" skipped="0" failures="0" errors="0" timestamp="2024-04-11T17:22:05" hostname="ORACLEDELL" time="0.002">
  <properties/>
  <testcase name="shouldCreateObjects()" classname="org.mines.examples.patterns.AbstractFactoryTest" time="0.002"/>
  <system-out><![CDATA[]]></system-out>
  <system-err><![CDATA[]]></system-err>
</testsuite>
