<?xml version="1.0" encoding="UTF-8"?>
<testsuite name="org.mines.examples.patterns.CompositeTest" tests="1" skipped="0" failures="0" errors="0" timestamp="2024-04-16T15:21:56" hostname="DESKTOP-TG14Q8S" time="0.003">
  <properties/>
  <testcase name="shouldCompose()" classname="org.mines.examples.patterns.CompositeTest" time="0.003"/>
  <system-out><![CDATA[]]></system-out>
  <system-err><![CDATA[]]></system-err>
</testsuite>
