<?xml version="1.0" encoding="UTF-8"?>
<testsuite name="org.address.infrastructure.TownRepositoryAdapterTest" tests="2" skipped="0" failures="0" errors="0" timestamp="2024-04-11T17:22:47" hostname="ORACLEDELL" time="0.016">
  <properties/>
  <testcase name="shouldFindAll()" classname="org.address.infrastructure.TownRepositoryAdapterTest" time="0.006"/>
  <testcase name="shouldDeleteATownAndAllItsAddresses()" classname="org.address.infrastructure.TownRepositoryAdapterTest" time="0.009"/>
  <system-out><![CDATA[]]></system-out>
  <system-err><![CDATA[]]></system-err>
</testsuite>
