<?xml version="1.0" encoding="UTF-8"?>
<testsuite name="org.address.infrastructure.AddressRepositoryAdapterTest" tests="2" skipped="0" failures="0" errors="0" timestamp="2024-04-12T12:29:37" hostname="DESKTOP-TG14Q8S" time="0.16">
  <properties/>
  <testcase name="shouldInsertAnAddressWithAnUnknownTown()" classname="org.address.infrastructure.AddressRepositoryAdapterTest" time="0.119"/>
  <testcase name="shouldInsertAnAddressWithAValidTown()" classname="org.address.infrastructure.AddressRepositoryAdapterTest" time="0.039"/>
  <system-out><![CDATA[Standard Commons Logging discovery in action with spring-jcl: please remove commons-logging.jar from classpath in order to avoid potential conflicts
14:29:34,286 |-INFO in ch.qos.logback.classic.LoggerContext[default] - This is logback-classic version 1.4.14
14:29:34,292 |-INFO in ch.qos.logback.classic.util.ContextInitializer@6a1d3225 - Here is a list of configurators discovered as a service, by rank: 
14:29:34,293 |-INFO in ch.qos.logback.classic.util.ContextInitializer@6a1d3225 -   org.springframework.boot.logging.logback.RootLogLevelConfigurator
14:29:34,293 |-INFO in ch.qos.logback.classic.util.ContextInitializer@6a1d3225 - They will be invoked in order until ExecutionStatus.DO_NOT_INVOKE_NEXT_IF_ANY is returned.
14:29:34,293 |-INFO in ch.qos.logback.classic.util.ContextInitializer@6a1d3225 - Constructed configurator of type class org.springframework.boot.logging.logback.RootLogLevelConfigurator
14:29:34,302 |-INFO in ch.qos.logback.classic.util.ContextInitializer@6a1d3225 - org.springframework.boot.logging.logback.RootLogLevelConfigurator.configure() call lasted 1 milliseconds. ExecutionStatus=INVOKE_NEXT_IF_ANY
14:29:34,302 |-INFO in ch.qos.logback.classic.util.ContextInitializer@6a1d3225 - Trying to configure with ch.qos.logback.classic.joran.SerializedModelConfigurator
14:29:34,304 |-INFO in ch.qos.logback.classic.util.ContextInitializer@6a1d3225 - Constructed configurator of type class ch.qos.logback.classic.joran.SerializedModelConfigurator
14:29:34,307 |-INFO in ch.qos.logback.classic.LoggerContext[default] - Could NOT find resource [logback-test.scmo]
14:29:34,307 |-INFO in ch.qos.logback.classic.LoggerContext[default] - Could NOT find resource [logback.scmo]
14:29:34,307 |-INFO in ch.qos.logback.classic.util.ContextInitializer@6a1d3225 - ch.qos.logback.classic.joran.SerializedModelConfigurator.configure() call lasted 3 milliseconds. ExecutionStatus=INVOKE_NEXT_IF_ANY
14:29:34,308 |-INFO in ch.qos.logback.classic.util.ContextInitializer@6a1d3225 - Trying to configure with ch.qos.logback.classic.util.DefaultJoranConfigurator
14:29:34,309 |-INFO in ch.qos.logback.classic.util.ContextInitializer@6a1d3225 - Constructed configurator of type class ch.qos.logback.classic.util.DefaultJoranConfigurator
14:29:34,310 |-INFO in ch.qos.logback.classic.LoggerContext[default] - Could NOT find resource [logback-test.xml]
14:29:34,313 |-INFO in ch.qos.logback.classic.LoggerContext[default] - Found resource [logback.xml] at [file:/C:/Users/Utilisateur/Downloads/addressApp/address-app/infrastructure/build/resources/test/logback.xml]
14:29:34,427 |-WARN in ch.qos.logback.core.joran.action.IncludeAction - Could not find resource corresponding to [/org/springframework/boot/logging/logback/base.xml]
14:29:34,516 |-INFO in ch.qos.logback.core.model.processor.AppenderModelHandler - Processing appender named [STDOUT]
14:29:34,516 |-INFO in ch.qos.logback.core.model.processor.AppenderModelHandler - About to instantiate appender of type [ch.qos.logback.core.ConsoleAppender]
14:29:34,533 |-INFO in ch.qos.logback.core.model.processor.ImplicitModelHandler - Assuming default type [ch.qos.logback.classic.encoder.PatternLayoutEncoder] for [encoder] property
14:29:34,598 |-INFO in ch.qos.logback.classic.model.processor.RootLoggerModelHandler - Setting level of ROOT logger to ERROR
14:29:34,598 |-INFO in ch.qos.logback.core.model.processor.AppenderRefModelHandler - Attaching appender named [STDOUT] to Logger[ROOT]
14:29:34,600 |-INFO in ch.qos.logback.core.model.processor.DefaultProcessor@67e13bd0 - End of configuration.
14:29:34,602 |-INFO in ch.qos.logback.classic.joran.JoranConfigurator@50fb33a - Registering current configuration as safe fallback point
14:29:34,602 |-INFO in ch.qos.logback.classic.util.ContextInitializer@6a1d3225 - ch.qos.logback.classic.util.DefaultJoranConfigurator.configure() call lasted 293 milliseconds. ExecutionStatus=DO_NOT_INVOKE_NEXT_IF_ANY

]]></system-out>
  <system-err><![CDATA[]]></system-err>
</testsuite>
