<?xml version="1.0" encoding="UTF-8"?>
<testsuite name="org.address.infrastructure.TownRepositoryAdapterTest" tests="2" skipped="0" failures="0" errors="0" timestamp="2024-04-12T12:29:37" hostname="DESKTOP-TG14Q8S" time="0.021">
  <properties/>
  <testcase name="shouldFindAll()" classname="org.address.infrastructure.TownRepositoryAdapterTest" time="0.007"/>
  <testcase name="shouldDeleteATownAndAllItsAddresses()" classname="org.address.infrastructure.TownRepositoryAdapterTest" time="0.012"/>
  <system-out><![CDATA[]]></system-out>
  <system-err><![CDATA[]]></system-err>
</testsuite>
